<?xml version="1.0" encoding="UTF-8"?>
<testng-results ignored="0" total="2" passed="2" failed="0" skipped="0">
  <reporter-output>
  </reporter-output>
  <suite started-at="2026-05-13T17:03:24 IST" name="Default suite" finished-at="2026-05-13T17:03:39 IST" duration-ms="14669">
    <groups>
    </groups>
    <test started-at="2026-05-13T17:03:24 IST" name="Default test" finished-at="2026-05-13T17:03:39 IST" duration-ms="14669">
      <class name="tests.GoggleTestAutomation">
        <test-method is-config="true" signature="setup(java.lang.String)[pri:0, instance:tests.GoggleTestAutomation@3023df74]" started-at="2026-05-13T17:03:25 IST" name="setup" finished-at="2026-05-13T17:03:32 IST" duration-ms="6377" status="PASS">
          <params>
            <param index="0">
              <value>
                <![CDATA[chrome]]>
              </value>
            </param>
          </params>
          <reporter-output>
          </reporter-output>
        </test-method> <!-- setup -->
        <test-method signature="testCase1(java.lang.String)[pri:0, instance:tests.GoggleTestAutomation@3023df74]" started-at="2026-05-13T17:03:32 IST" name="testCase1" data-provider="test1" finished-at="2026-05-13T17:03:33 IST" duration-ms="810" status="PASS">
          <params>
            <param index="0">
              <value>
                <![CDATA[Selenium]]>
              </value>
            </param>
          </params>
          <reporter-output>
          </reporter-output>
        </test-method> <!-- testCase1 -->
        <test-method is-config="true" signature="tearDown()[pri:0, instance:tests.GoggleTestAutomation@3023df74]" started-at="2026-05-13T17:03:33 IST" name="tearDown" finished-at="2026-05-13T17:03:33 IST" duration-ms="1" status="PASS">
          <reporter-output>
          </reporter-output>
        </test-method> <!-- tearDown -->
        <test-method is-config="true" signature="setup(java.lang.String)[pri:0, instance:tests.GoggleTestAutomation@3023df74]" started-at="2026-05-13T17:03:33 IST" name="setup" finished-at="2026-05-13T17:03:39 IST" duration-ms="6135" status="PASS">
          <params>
            <param index="0">
              <value>
                <![CDATA[chrome]]>
              </value>
            </param>
          </params>
          <reporter-output>
          </reporter-output>
        </test-method> <!-- setup -->
        <test-method signature="testCase1(java.lang.String)[pri:0, instance:tests.GoggleTestAutomation@3023df74]" started-at="2026-05-13T17:03:39 IST" name="testCase1" data-provider="test1" finished-at="2026-05-13T17:03:39 IST" duration-ms="355" status="PASS">
          <params>
            <param index="0">
              <value>
                <![CDATA[Testing]]>
              </value>
            </param>
          </params>
          <reporter-output>
          </reporter-output>
        </test-method> <!-- testCase1 -->
        <test-method is-config="true" signature="tearDown()[pri:0, instance:tests.GoggleTestAutomation@3023df74]" started-at="2026-05-13T17:03:39 IST" name="tearDown" finished-at="2026-05-13T17:03:39 IST" duration-ms="5" status="PASS">
          <reporter-output>
          </reporter-output>
        </test-method> <!-- tearDown -->
      </class> <!-- tests.GoggleTestAutomation -->
    </test> <!-- Default test -->
  </suite> <!-- Default suite -->
</testng-results>
